<?xml version="1.0" encoding="UTF-8"?>
<!-- Generated by org.testng.reporters.JUnitReportReporter -->
<testsuite hostname="Arunas-MacBook-Pro.local" failures="0" tests="4" name="testCases.HomePageTestCases" time="11.230" errors="0" timestamp="22 Mar 2019 01:49:00 GMT">
  <testcase classname="testCases.HomePageTestCases" name="verifyHeaderLinks" time="2.925"/>
  <testcase classname="testCases.HomePageTestCases" name="verifyTheTeaserPodsAndContents" time="2.619"/>
  <testcase classname="testCases.HomePageTestCases" name="verifyTheHeading_AvailableButtonsAlong" time="3.227"/>
  <testcase classname="testCases.HomePageTestCases" name="verifyTheBrowserTitle" time="2.459"/>
</testsuite> <!-- testCases.HomePageTestCases -->
