<?xml version="1.0" encoding="UTF-8"?>
<!-- Generated by org.testng.reporters.JUnitReportReporter -->
<testsuite hostname="Arunas-MacBook-Pro.local" failures="0" tests="4" name="testCases.AboutPageTestCases" time="17.557" errors="0" timestamp="22 Mar 2019 01:49:00 GMT">
  <testcase classname="testCases.AboutPageTestCases" name="verifyTheBlockGridContainer" time="4.721"/>
  <testcase classname="testCases.AboutPageTestCases" name="verifyFooterLinks" time="4.690"/>
  <testcase classname="testCases.AboutPageTestCases" name="verifyLeaderBoard" time="3.918"/>
  <testcase classname="testCases.AboutPageTestCases" name="verifyPageHeaderAndSubHeader" time="4.228"/>
</testsuite> <!-- testCases.AboutPageTestCases -->
