<?xml version="1.0" encoding="UTF-8"?>
<!-- Generated by org.testng.reporters.JUnitReportReporter -->
<testsuite hostname="Arunas-MacBook-Pro.local" failures="0" tests="3" name="testCases.ContactUsPageTestCases" time="12.523" errors="0" timestamp="22 Mar 2019 01:49:00 GMT">
  <testcase classname="testCases.ContactUsPageTestCases" name="verifyPresenceOfMap" time="4.384"/>
  <testcase classname="testCases.ContactUsPageTestCases" name="verifyPresenceOfHeader" time="3.703"/>
  <testcase classname="testCases.ContactUsPageTestCases" name="displayOfficeLocation" time="4.436"/>
</testsuite> <!-- testCases.ContactUsPageTestCases -->
